<?xml version="1.0" encoding="UTF-8"?>
<!-- Generated by org.testng.reporters.JUnitReportReporter -->
<testsuite hostname="DESKTOP-1JVP0FN" failures="0" tests="1" name="logintest.Signuptest" time="4.340" errors="0" timestamp="2023-07-09T14:39:20 IST" skipped="0">
  <testcase classname="logintest.Signuptest" name="test2" time="4.340"/>
</testsuite> <!-- logintest.Signuptest -->
