<?xml version="1.0" encoding="UTF-8"?>
<!-- Generated by org.testng.reporters.JUnitReportReporter -->
<testsuite hostname="DESKTOP-1JVP0FN" failures="0" tests="1" name="logintest.Testing" time="40.758" errors="0" timestamp="2023-07-18T23:28:16 IST" skipped="0">
  <testcase classname="logintest.Testing" name="test1" time="40.758"/>
</testsuite> <!-- logintest.Testing -->
